<?xml version="1.0" encoding="UTF-8"?>
<coverage generated="1647928052912" clover="3.2.0">
  <project timestamp="1647928052913" name="All files">
    <metrics statements="112" coveredstatements="28" conditionals="122" coveredconditionals="19" methods="57" coveredmethods="13" elements="291" coveredelements="60" complexity="0" loc="112" ncloc="112" packages="3" files="12" classes="12"/>
    <package name="src">
      <metrics statements="28" coveredstatements="12" conditionals="60" coveredconditionals="19" methods="14" coveredmethods="6"/>
      <file name="ErrorBoundary.js" path="C:\Users\MS094311\OneDrive - Cerner Corporation\Desktop\Patient Regn. System\VS PRS\prs-ui\src\ErrorBoundary.js">
        <metrics statements="6" coveredstatements="4" conditionals="2" coveredconditionals="1" methods="3" coveredmethods="2"/>
        <line num="5" count="5" type="stmt"/>
        <line num="6" count="3" type="stmt"/>
        <line num="11" count="0" type="stmt"/>
        <line num="16" count="3" type="cond" truecount="1" falsecount="1"/>
        <line num="17" count="0" type="stmt"/>
        <line num="24" count="3" type="stmt"/>
      </file>
      <file name="Registration.js" path="C:\Users\MS094311\OneDrive - Cerner Corporation\Desktop\Patient Regn. System\VS PRS\prs-ui\src\Registration.js">
        <metrics statements="9" coveredstatements="4" conditionals="42" coveredconditionals="14" methods="6" coveredmethods="2"/>
        <line num="8" count="2" type="stmt"/>
        <line num="10" count="1" type="stmt"/>
        <line num="23" count="0" type="stmt"/>
        <line num="25" count="0" type="stmt"/>
        <line num="28" count="0" type="stmt"/>
        <line num="31" count="0" type="stmt"/>
        <line num="32" count="0" type="stmt"/>
        <line num="57" count="1" type="stmt"/>
        <line num="60" count="1" type="stmt"/>
      </file>
      <file name="ValidatedLoginForm.js" path="C:\Users\MS094311\OneDrive - Cerner Corporation\Desktop\Patient Regn. System\VS PRS\prs-ui\src\ValidatedLoginForm.js">
        <metrics statements="10" coveredstatements="4" conditionals="16" coveredconditionals="4" methods="4" coveredmethods="2"/>
        <line num="14" count="1" type="stmt"/>
        <line num="15" count="1" type="stmt"/>
        <line num="22" count="0" type="cond" truecount="0" falsecount="4"/>
        <line num="23" count="0" type="stmt"/>
        <line num="26" count="0" type="stmt"/>
        <line num="28" count="0" type="stmt"/>
        <line num="29" count="0" type="stmt"/>
        <line num="31" count="0" type="stmt"/>
        <line num="55" count="1" type="stmt"/>
        <line num="63" count="1" type="stmt"/>
      </file>
      <file name="index.js" path="C:\Users\MS094311\OneDrive - Cerner Corporation\Desktop\Patient Regn. System\VS PRS\prs-ui\src\index.js">
        <metrics statements="3" coveredstatements="0" conditionals="0" coveredconditionals="0" methods="1" coveredmethods="0"/>
        <line num="11" count="0" type="stmt"/>
        <line num="22" count="0" type="stmt"/>
        <line num="23" count="0" type="stmt"/>
      </file>
    </package>
    <package name="src.api">
      <metrics statements="2" coveredstatements="2" conditionals="0" coveredconditionals="0" methods="0" coveredmethods="0"/>
      <file name="BootApi.js" path="C:\Users\MS094311\OneDrive - Cerner Corporation\Desktop\Patient Regn. System\VS PRS\prs-ui\src\api\BootApi.js">
        <metrics statements="1" coveredstatements="1" conditionals="0" coveredconditionals="0" methods="0" coveredmethods="0"/>
        <line num="1" count="5" type="stmt"/>
      </file>
      <file name="BootApiAdm.js" path="C:\Users\MS094311\OneDrive - Cerner Corporation\Desktop\Patient Regn. System\VS PRS\prs-ui\src\api\BootApiAdm.js">
        <metrics statements="1" coveredstatements="1" conditionals="0" coveredconditionals="0" methods="0" coveredmethods="0"/>
        <line num="1" count="4" type="stmt"/>
      </file>
    </package>
    <package name="src.cmp">
      <metrics statements="82" coveredstatements="14" conditionals="62" coveredconditionals="0" methods="43" coveredmethods="7"/>
      <file name="AddRoom.js" path="C:\Users\MS094311\OneDrive - Cerner Corporation\Desktop\Patient Regn. System\VS PRS\prs-ui\src\cmp\AddRoom.js">
        <metrics statements="11" coveredstatements="2" conditionals="12" coveredconditionals="0" methods="6" coveredmethods="1"/>
        <line num="9" count="2" type="stmt"/>
        <line num="10" count="3" type="stmt"/>
        <line num="11" count="0" type="stmt"/>
        <line num="29" count="0" type="stmt"/>
        <line num="30" count="0" type="stmt"/>
        <line num="32" count="0" type="stmt"/>
        <line num="35" count="0" type="stmt"/>
        <line num="38" count="0" type="stmt"/>
        <line num="39" count="0" type="stmt"/>
        <line num="58" count="0" type="stmt"/>
        <line num="61" count="0" type="stmt"/>
      </file>
      <file name="AllPatients.js" path="C:\Users\MS094311\OneDrive - Cerner Corporation\Desktop\Patient Regn. System\VS PRS\prs-ui\src\cmp\AllPatients.js">
        <metrics statements="53" coveredstatements="2" conditionals="8" coveredconditionals="0" methods="27" coveredmethods="1"/>
        <line num="12" count="2" type="stmt"/>
        <line num="14" count="3" type="stmt"/>
        <line num="16" count="0" type="stmt"/>
        <line num="17" count="0" type="stmt"/>
        <line num="18" count="0" type="stmt"/>
        <line num="19" count="0" type="stmt"/>
        <line num="20" count="0" type="stmt"/>
        <line num="21" count="0" type="stmt"/>
        <line num="22" count="0" type="stmt"/>
        <line num="24" count="0" type="stmt"/>
        <line num="25" count="0" type="stmt"/>
        <line num="26" count="0" type="stmt"/>
        <line num="29" count="0" type="stmt"/>
        <line num="30" count="0" type="stmt"/>
        <line num="33" count="0" type="stmt"/>
        <line num="37" count="0" type="stmt"/>
        <line num="38" count="0" type="stmt"/>
        <line num="41" count="0" type="stmt"/>
        <line num="42" count="0" type="stmt"/>
        <line num="45" count="0" type="stmt"/>
        <line num="46" count="0" type="stmt"/>
        <line num="48" count="0" type="stmt"/>
        <line num="51" count="0" type="stmt"/>
        <line num="58" count="0" type="stmt"/>
        <line num="59" count="0" type="stmt"/>
        <line num="61" count="0" type="stmt"/>
        <line num="64" count="0" type="stmt"/>
        <line num="70" count="0" type="stmt"/>
        <line num="71" count="0" type="stmt"/>
        <line num="73" count="0" type="stmt"/>
        <line num="76" count="0" type="stmt"/>
        <line num="81" count="0" type="stmt"/>
        <line num="83" count="0" type="stmt"/>
        <line num="84" count="0" type="stmt"/>
        <line num="85" count="0" type="cond" truecount="0" falsecount="2"/>
        <line num="86" count="0" type="stmt"/>
        <line num="87" count="0" type="stmt"/>
        <line num="90" count="0" type="cond" truecount="0" falsecount="2"/>
        <line num="91" count="0" type="stmt"/>
        <line num="95" count="0" type="stmt"/>
        <line num="96" count="0" type="stmt"/>
        <line num="97" count="0" type="stmt"/>
        <line num="99" count="0" type="stmt"/>
        <line num="107" count="0" type="stmt"/>
        <line num="126" count="0" type="stmt"/>
        <line num="159" count="0" type="stmt"/>
        <line num="175" count="0" type="stmt"/>
        <line num="184" count="0" type="stmt"/>
        <line num="193" count="0" type="stmt"/>
        <line num="210" count="0" type="stmt"/>
        <line num="225" count="0" type="stmt"/>
        <line num="245" count="0" type="stmt"/>
        <line num="254" count="0" type="stmt"/>
      </file>
      <file name="Header.js" path="C:\Users\MS094311\OneDrive - Cerner Corporation\Desktop\Patient Regn. System\VS PRS\prs-ui\src\cmp\Header.js">
        <metrics statements="2" coveredstatements="2" conditionals="0" coveredconditionals="0" methods="1" coveredmethods="1"/>
        <line num="3" count="2" type="stmt"/>
        <line num="4" count="2" type="stmt"/>
      </file>
      <file name="Home.js" path="C:\Users\MS094311\OneDrive - Cerner Corporation\Desktop\Patient Regn. System\VS PRS\prs-ui\src\cmp\Home.js">
        <metrics statements="4" coveredstatements="4" conditionals="0" coveredconditionals="0" methods="2" coveredmethods="2"/>
        <line num="17" count="1" type="stmt"/>
        <line num="18" count="2" type="stmt"/>
        <line num="19" count="1" type="stmt"/>
        <line num="21" count="1" type="stmt"/>
      </file>
      <file name="Menus.js" path="C:\Users\MS094311\OneDrive - Cerner Corporation\Desktop\Patient Regn. System\VS PRS\prs-ui\src\cmp\Menus.js">
        <metrics statements="2" coveredstatements="2" conditionals="0" coveredconditionals="0" methods="1" coveredmethods="1"/>
        <line num="5" count="1" type="stmt"/>
        <line num="6" count="2" type="stmt"/>
      </file>
      <file name="UpdatePatients.js" path="C:\Users\MS094311\OneDrive - Cerner Corporation\Desktop\Patient Regn. System\VS PRS\prs-ui\src\cmp\UpdatePatients.js">
        <metrics statements="10" coveredstatements="2" conditionals="42" coveredconditionals="0" methods="6" coveredmethods="1"/>
        <line num="9" count="2" type="stmt"/>
        <line num="10" count="3" type="stmt"/>
        <line num="12" count="0" type="stmt"/>
        <line num="29" count="0" type="stmt"/>
        <line num="31" count="0" type="stmt"/>
        <line num="35" count="0" type="stmt"/>
        <line num="38" count="0" type="stmt"/>
        <line num="39" count="0" type="stmt"/>
        <line num="64" count="0" type="stmt"/>
        <line num="67" count="0" type="stmt"/>
      </file>
    </package>
  </project>
</coverage>
