{"C:\\Users\\MS094311\\OneDrive - Cerner Corporation\\Desktop\\Patient Regn. System\\VS PRS\\prs-ui\\src\\ErrorBoundary.js": {"path":"C:\\Users\\MS094311\\OneDrive - Cerner Corporation\\Desktop\\Patient Regn. System\\VS PRS\\prs-ui\\src\\ErrorBoundary.js","statementMap":{"0":{"start":{"line":5,"column":8},"end":{"line":5,"column":21}},"1":{"start":{"line":6,"column":8},"end":{"line":6,"column":40}},"2":{"start":{"line":11,"column":8},"end":{"line":11,"column":42}},"3":{"start":{"line":16,"column":8},"end":{"line":22,"column":9}},"4":{"start":{"line":17,"column":12},"end":{"line":21,"column":14}},"5":{"start":{"line":24,"column":8},"end":{"line":24,"column":35}}},"fnMap":{"0":{"name":"(anonymous_0)","decl":{"start":{"line":4,"column":4},"end":{"line":4,"column":5}},"loc":{"start":{"line":4,"column":23},"end":{"line":7,"column":5}},"line":4},"1":{"name":"(anonymous_1)","decl":{"start":{"line":9,"column":4},"end":{"line":9,"column":5}},"loc":{"start":{"line":9,"column":34},"end":{"line":12,"column":5}},"line":9},"2":{"name":"(anonymous_2)","decl":{"start":{"line":14,"column":4},"end":{"line":14,"column":5}},"loc":{"start":{"line":14,"column":13},"end":{"line":25,"column":5}},"line":14}},"branchMap":{"0":{"loc":{"start":{"line":16,"column":8},"end":{"line":22,"column":9}},"type":"if","locations":[{"start":{"line":16,"column":8},"end":{"line":22,"column":9}},{"start":{},"end":{}}],"line":16}},"s":{"0":5,"1":3,"2":0,"3":3,"4":0,"5":3},"f":{"0":5,"1":0,"2":3},"b":{"0":[0,3]},"_coverageSchema":"1a1c01bbd47fc00a2c39e90264f33305004495a9","hash":"58d486781373fdea481948332045815f31cbc803"}
,"C:\\Users\\MS094311\\OneDrive - Cerner Corporation\\Desktop\\Patient Regn. System\\VS PRS\\prs-ui\\src\\Registration.js": {"path":"C:\\Users\\MS094311\\OneDrive - Cerner Corporation\\Desktop\\Patient Regn. System\\VS PRS\\prs-ui\\src\\Registration.js","statementMap":{"0":{"start":{"line":8,"column":21},"end":{"line":191,"column":1}},"1":{"start":{"line":10,"column":4},"end":{"line":190,"column":13}},"2":{"start":{"line":23,"column":12},"end":{"line":30,"column":13}},"3":{"start":{"line":25,"column":20},"end":{"line":25,"column":53}},"4":{"start":{"line":28,"column":20},"end":{"line":28,"column":49}},"5":{"start":{"line":31,"column":12},"end":{"line":33,"column":20}},"6":{"start":{"line":32,"column":16},"end":{"line":32,"column":37}},"7":{"start":{"line":57,"column":16},"end":{"line":57,"column":21}},"8":{"start":{"line":60,"column":12},"end":{"line":188,"column":14}}},"fnMap":{"0":{"name":"(anonymous_0)","decl":{"start":{"line":8,"column":21},"end":{"line":8,"column":22}},"loc":{"start":{"line":10,"column":4},"end":{"line":190,"column":13}},"line":10},"1":{"name":"(anonymous_1)","decl":{"start":{"line":21,"column":18},"end":{"line":21,"column":19}},"loc":{"start":{"line":21,"column":49},"end":{"line":34,"column":9}},"line":21},"2":{"name":"(anonymous_2)","decl":{"start":{"line":24,"column":16},"end":{"line":24,"column":17}},"loc":{"start":{"line":24,"column":30},"end":{"line":26,"column":17}},"line":24},"3":{"name":"(anonymous_3)","decl":{"start":{"line":27,"column":16},"end":{"line":27,"column":17}},"loc":{"start":{"line":27,"column":27},"end":{"line":29,"column":17}},"line":27},"4":{"name":"(anonymous_4)","decl":{"start":{"line":31,"column":23},"end":{"line":31,"column":24}},"loc":{"start":{"line":31,"column":29},"end":{"line":33,"column":13}},"line":31},"5":{"name":"(anonymous_5)","decl":{"start":{"line":48,"column":9},"end":{"line":48,"column":10}},"loc":{"start":{"line":48,"column":18},"end":{"line":189,"column":9}},"line":48}},"branchMap":{"0":{"loc":{"start":{"line":77,"column":39},"end":{"line":77,"column":87}},"type":"binary-expr","locations":[{"start":{"line":77,"column":39},"end":{"line":77,"column":55}},{"start":{"line":77,"column":59},"end":{"line":77,"column":76}},{"start":{"line":77,"column":80},"end":{"line":77,"column":87}}],"line":77},"1":{"loc":{"start":{"line":79,"column":25},"end":{"line":81,"column":29}},"type":"binary-expr","locations":[{"start":{"line":79,"column":25},"end":{"line":79,"column":41}},{"start":{"line":79,"column":45},"end":{"line":79,"column":62}},{"start":{"line":80,"column":28},"end":{"line":80,"column":84}}],"line":79},"2":{"loc":{"start":{"line":92,"column":39},"end":{"line":92,"column":85}},"type":"binary-expr","locations":[{"start":{"line":92,"column":39},"end":{"line":92,"column":54}},{"start":{"line":92,"column":58},"end":{"line":92,"column":74}},{"start":{"line":92,"column":78},"end":{"line":92,"column":85}}],"line":92},"3":{"loc":{"start":{"line":94,"column":25},"end":{"line":96,"column":29}},"type":"binary-expr","locations":[{"start":{"line":94,"column":25},"end":{"line":94,"column":40}},{"start":{"line":94,"column":44},"end":{"line":94,"column":60}},{"start":{"line":95,"column":28},"end":{"line":95,"column":83}}],"line":94},"4":{"loc":{"start":{"line":107,"column":39},"end":{"line":107,"column":75}},"type":"binary-expr","locations":[{"start":{"line":107,"column":39},"end":{"line":107,"column":49}},{"start":{"line":107,"column":53},"end":{"line":107,"column":64}},{"start":{"line":107,"column":68},"end":{"line":107,"column":75}}],"line":107},"5":{"loc":{"start":{"line":109,"column":25},"end":{"line":111,"column":29}},"type":"binary-expr","locations":[{"start":{"line":109,"column":25},"end":{"line":109,"column":35}},{"start":{"line":109,"column":39},"end":{"line":109,"column":50}},{"start":{"line":110,"column":28},"end":{"line":110,"column":78}}],"line":109},"6":{"loc":{"start":{"line":122,"column":39},"end":{"line":122,"column":81}},"type":"binary-expr","locations":[{"start":{"line":122,"column":39},"end":{"line":122,"column":52}},{"start":{"line":122,"column":56},"end":{"line":122,"column":70}},{"start":{"line":122,"column":74},"end":{"line":122,"column":81}}],"line":122},"7":{"loc":{"start":{"line":130,"column":25},"end":{"line":132,"column":29}},"type":"binary-expr","locations":[{"start":{"line":130,"column":25},"end":{"line":130,"column":38}},{"start":{"line":130,"column":42},"end":{"line":130,"column":56}},{"start":{"line":131,"column":28},"end":{"line":131,"column":81}}],"line":130},"8":{"loc":{"start":{"line":143,"column":39},"end":{"line":143,"column":75}},"type":"binary-expr","locations":[{"start":{"line":143,"column":39},"end":{"line":143,"column":49}},{"start":{"line":143,"column":53},"end":{"line":143,"column":64}},{"start":{"line":143,"column":68},"end":{"line":143,"column":75}}],"line":143},"9":{"loc":{"start":{"line":145,"column":25},"end":{"line":147,"column":29}},"type":"binary-expr","locations":[{"start":{"line":145,"column":25},"end":{"line":145,"column":35}},{"start":{"line":145,"column":39},"end":{"line":145,"column":50}},{"start":{"line":146,"column":28},"end":{"line":146,"column":78}}],"line":145},"10":{"loc":{"start":{"line":158,"column":39},"end":{"line":158,"column":83}},"type":"binary-expr","locations":[{"start":{"line":158,"column":39},"end":{"line":158,"column":53}},{"start":{"line":158,"column":57},"end":{"line":158,"column":72}},{"start":{"line":158,"column":76},"end":{"line":158,"column":83}}],"line":158},"11":{"loc":{"start":{"line":160,"column":25},"end":{"line":162,"column":29}},"type":"binary-expr","locations":[{"start":{"line":160,"column":25},"end":{"line":160,"column":39}},{"start":{"line":160,"column":43},"end":{"line":160,"column":58}},{"start":{"line":161,"column":28},"end":{"line":161,"column":82}}],"line":160},"12":{"loc":{"start":{"line":173,"column":39},"end":{"line":173,"column":83}},"type":"binary-expr","locations":[{"start":{"line":173,"column":39},"end":{"line":173,"column":53}},{"start":{"line":173,"column":57},"end":{"line":173,"column":72}},{"start":{"line":173,"column":76},"end":{"line":173,"column":83}}],"line":173},"13":{"loc":{"start":{"line":175,"column":25},"end":{"line":177,"column":29}},"type":"binary-expr","locations":[{"start":{"line":175,"column":25},"end":{"line":175,"column":39}},{"start":{"line":175,"column":43},"end":{"line":175,"column":58}},{"start":{"line":176,"column":28},"end":{"line":176,"column":82}}],"line":175}},"s":{"0":2,"1":1,"2":0,"3":0,"4":0,"5":0,"6":0,"7":1,"8":1},"f":{"0":1,"1":0,"2":0,"3":0,"4":0,"5":1},"b":{"0":[1,0,0],"1":[1,0,0],"2":[1,0,0],"3":[1,0,0],"4":[1,0,0],"5":[1,0,0],"6":[1,0,0],"7":[1,0,0],"8":[1,0,0],"9":[1,0,0],"10":[1,0,0],"11":[1,0,0],"12":[1,0,0],"13":[1,0,0]},"_coverageSchema":"1a1c01bbd47fc00a2c39e90264f33305004495a9","hash":"2a4d63adb0e947aa5a3d013faa7556b53fd40a38"}
,"C:\\Users\\MS094311\\OneDrive - Cerner Corporation\\Desktop\\Patient Regn. System\\VS PRS\\prs-ui\\src\\ValidatedLoginForm.js": {"path":"C:\\Users\\MS094311\\OneDrive - Cerner Corporation\\Desktop\\Patient Regn. System\\VS PRS\\prs-ui\\src\\ValidatedLoginForm.js","statementMap":{"0":{"start":{"line":14,"column":27},"end":{"line":102,"column":1}},"1":{"start":{"line":15,"column":4},"end":{"line":101,"column":13}},"2":{"start":{"line":22,"column":16},"end":{"line":27,"column":17}},"3":{"start":{"line":23,"column":20},"end":{"line":23,"column":37}},"4":{"start":{"line":26,"column":20},"end":{"line":26,"column":57}},"5":{"start":{"line":28,"column":12},"end":{"line":28,"column":32}},"6":{"start":{"line":29,"column":12},"end":{"line":32,"column":20}},"7":{"start":{"line":31,"column":16},"end":{"line":31,"column":37}},"8":{"start":{"line":55,"column":16},"end":{"line":55,"column":21}},"9":{"start":{"line":63,"column":12},"end":{"line":99,"column":14}}},"fnMap":{"0":{"name":"(anonymous_0)","decl":{"start":{"line":14,"column":27},"end":{"line":14,"column":28}},"loc":{"start":{"line":15,"column":4},"end":{"line":101,"column":13}},"line":15},"1":{"name":"(anonymous_1)","decl":{"start":{"line":21,"column":18},"end":{"line":21,"column":19}},"loc":{"start":{"line":21,"column":49},"end":{"line":33,"column":9}},"line":21},"2":{"name":"(anonymous_2)","decl":{"start":{"line":29,"column":23},"end":{"line":29,"column":24}},"loc":{"start":{"line":29,"column":29},"end":{"line":32,"column":13}},"line":29},"3":{"name":"(anonymous_3)","decl":{"start":{"line":46,"column":9},"end":{"line":46,"column":10}},"loc":{"start":{"line":46,"column":18},"end":{"line":100,"column":9}},"line":46}},"branchMap":{"0":{"loc":{"start":{"line":22,"column":16},"end":{"line":27,"column":17}},"type":"if","locations":[{"start":{"line":22,"column":16},"end":{"line":27,"column":17}},{"start":{"line":25,"column":23},"end":{"line":27,"column":17}}],"line":22},"1":{"loc":{"start":{"line":22,"column":20},"end":{"line":22,"column":85}},"type":"binary-expr","locations":[{"start":{"line":22,"column":20},"end":{"line":22,"column":50}},{"start":{"line":22,"column":54},"end":{"line":22,"column":85}}],"line":22},"2":{"loc":{"start":{"line":75,"column":43},"end":{"line":75,"column":83}},"type":"binary-expr","locations":[{"start":{"line":75,"column":43},"end":{"line":75,"column":55}},{"start":{"line":75,"column":59},"end":{"line":75,"column":72}},{"start":{"line":75,"column":76},"end":{"line":75,"column":83}}],"line":75},"3":{"loc":{"start":{"line":77,"column":29},"end":{"line":79,"column":29}},"type":"binary-expr","locations":[{"start":{"line":77,"column":29},"end":{"line":77,"column":41}},{"start":{"line":77,"column":45},"end":{"line":77,"column":58}},{"start":{"line":78,"column":32},"end":{"line":78,"column":84}}],"line":77},"4":{"loc":{"start":{"line":88,"column":43},"end":{"line":88,"column":89}},"type":"binary-expr","locations":[{"start":{"line":88,"column":43},"end":{"line":88,"column":58}},{"start":{"line":88,"column":62},"end":{"line":88,"column":78}},{"start":{"line":88,"column":82},"end":{"line":88,"column":89}}],"line":88},"5":{"loc":{"start":{"line":90,"column":29},"end":{"line":92,"column":29}},"type":"binary-expr","locations":[{"start":{"line":90,"column":29},"end":{"line":90,"column":44}},{"start":{"line":90,"column":48},"end":{"line":90,"column":64}},{"start":{"line":91,"column":32},"end":{"line":91,"column":87}}],"line":90}},"s":{"0":1,"1":1,"2":0,"3":0,"4":0,"5":0,"6":0,"7":0,"8":1,"9":1},"f":{"0":1,"1":0,"2":0,"3":1},"b":{"0":[0,0],"1":[0,0],"2":[1,0,0],"3":[1,0,0],"4":[1,0,0],"5":[1,0,0]},"_coverageSchema":"1a1c01bbd47fc00a2c39e90264f33305004495a9","hash":"613b6aec776fe95144b6bd2f5b31d0edddb3429d"}
,"C:\\Users\\MS094311\\OneDrive - Cerner Corporation\\Desktop\\Patient Regn. System\\VS PRS\\prs-ui\\src\\index.js": {"path":"C:\\Users\\MS094311\\OneDrive - Cerner Corporation\\Desktop\\Patient Regn. System\\VS PRS\\prs-ui\\src\\index.js","statementMap":{"0":{"start":{"line":11,"column":2},"end":{"line":20,"column":4}},"1":{"start":{"line":22,"column":20},"end":{"line":22,"column":51}},"2":{"start":{"line":23,"column":0},"end":{"line":23,"column":38}}},"fnMap":{"0":{"name":"App","decl":{"start":{"line":10,"column":9},"end":{"line":10,"column":12}},"loc":{"start":{"line":10,"column":15},"end":{"line":21,"column":1}},"line":10}},"branchMap":{},"s":{"0":0,"1":0,"2":0},"f":{"0":0},"b":{}}
,"C:\\Users\\MS094311\\OneDrive - Cerner Corporation\\Desktop\\Patient Regn. System\\VS PRS\\prs-ui\\src\\api\\BootApi.js": {"path":"C:\\Users\\MS094311\\OneDrive - Cerner Corporation\\Desktop\\Patient Regn. System\\VS PRS\\prs-ui\\src\\api\\BootApi.js","statementMap":{"0":{"start":{"line":1,"column":17},"end":{"line":1,"column":47}}},"fnMap":{},"branchMap":{},"s":{"0":5},"f":{},"b":{},"_coverageSchema":"1a1c01bbd47fc00a2c39e90264f33305004495a9","hash":"efac76fae4be26beb572eaa48d039be869ac6af3"}
,"C:\\Users\\MS094311\\OneDrive - Cerner Corporation\\Desktop\\Patient Regn. System\\VS PRS\\prs-ui\\src\\api\\BootApiAdm.js": {"path":"C:\\Users\\MS094311\\OneDrive - Cerner Corporation\\Desktop\\Patient Regn. System\\VS PRS\\prs-ui\\src\\api\\BootApiAdm.js","statementMap":{"0":{"start":{"line":1,"column":21},"end":{"line":1,"column":51}}},"fnMap":{},"branchMap":{},"s":{"0":4},"f":{},"b":{},"_coverageSchema":"1a1c01bbd47fc00a2c39e90264f33305004495a9","hash":"20c13a42743aa3d592a9207998fcaadb3a491afd"}
,"C:\\Users\\MS094311\\OneDrive - Cerner Corporation\\Desktop\\Patient Regn. System\\VS PRS\\prs-ui\\src\\cmp\\AddRoom.js": {"path":"C:\\Users\\MS094311\\OneDrive - Cerner Corporation\\Desktop\\Patient Regn. System\\VS PRS\\prs-ui\\src\\cmp\\AddRoom.js","statementMap":{"0":{"start":{"line":9,"column":16},"end":{"line":106,"column":1}},"1":{"start":{"line":10,"column":21},"end":{"line":10,"column":34}},"2":{"start":{"line":11,"column":4},"end":{"line":105,"column":6}},"3":{"start":{"line":29,"column":16},"end":{"line":29,"column":36}},"4":{"start":{"line":30,"column":16},"end":{"line":37,"column":17}},"5":{"start":{"line":32,"column":24},"end":{"line":32,"column":59}},"6":{"start":{"line":35,"column":24},"end":{"line":35,"column":53}},"7":{"start":{"line":38,"column":16},"end":{"line":40,"column":24}},"8":{"start":{"line":39,"column":20},"end":{"line":39,"column":41}},"9":{"start":{"line":58,"column":20},"end":{"line":58,"column":25}},"10":{"start":{"line":61,"column":16},"end":{"line":102,"column":18}}},"fnMap":{"0":{"name":"(anonymous_0)","decl":{"start":{"line":9,"column":16},"end":{"line":9,"column":17}},"loc":{"start":{"line":9,"column":22},"end":{"line":106,"column":1}},"line":9},"1":{"name":"(anonymous_1)","decl":{"start":{"line":28,"column":22},"end":{"line":28,"column":23}},"loc":{"start":{"line":28,"column":53},"end":{"line":41,"column":13}},"line":28},"2":{"name":"(anonymous_2)","decl":{"start":{"line":31,"column":20},"end":{"line":31,"column":21}},"loc":{"start":{"line":31,"column":34},"end":{"line":33,"column":21}},"line":31},"3":{"name":"(anonymous_3)","decl":{"start":{"line":34,"column":20},"end":{"line":34,"column":21}},"loc":{"start":{"line":34,"column":31},"end":{"line":36,"column":21}},"line":34},"4":{"name":"(anonymous_4)","decl":{"start":{"line":38,"column":27},"end":{"line":38,"column":28}},"loc":{"start":{"line":38,"column":33},"end":{"line":40,"column":17}},"line":38},"5":{"name":"(anonymous_5)","decl":{"start":{"line":49,"column":13},"end":{"line":49,"column":14}},"loc":{"start":{"line":49,"column":22},"end":{"line":103,"column":13}},"line":49}},"branchMap":{"0":{"loc":{"start":{"line":75,"column":47},"end":{"line":75,"column":87}},"type":"binary-expr","locations":[{"start":{"line":75,"column":47},"end":{"line":75,"column":59}},{"start":{"line":75,"column":63},"end":{"line":75,"column":76}},{"start":{"line":75,"column":80},"end":{"line":75,"column":87}}],"line":75},"1":{"loc":{"start":{"line":77,"column":33},"end":{"line":79,"column":33}},"type":"binary-expr","locations":[{"start":{"line":77,"column":33},"end":{"line":77,"column":45}},{"start":{"line":77,"column":49},"end":{"line":77,"column":62}},{"start":{"line":78,"column":36},"end":{"line":78,"column":88}}],"line":77},"2":{"loc":{"start":{"line":90,"column":47},"end":{"line":90,"column":89}},"type":"binary-expr","locations":[{"start":{"line":90,"column":47},"end":{"line":90,"column":60}},{"start":{"line":90,"column":64},"end":{"line":90,"column":78}},{"start":{"line":90,"column":82},"end":{"line":90,"column":89}}],"line":90},"3":{"loc":{"start":{"line":92,"column":33},"end":{"line":94,"column":33}},"type":"binary-expr","locations":[{"start":{"line":92,"column":33},"end":{"line":92,"column":46}},{"start":{"line":92,"column":50},"end":{"line":92,"column":64}},{"start":{"line":93,"column":36},"end":{"line":93,"column":89}}],"line":92}},"s":{"0":2,"1":3,"2":0,"3":0,"4":0,"5":0,"6":0,"7":0,"8":0,"9":0,"10":0},"f":{"0":3,"1":0,"2":0,"3":0,"4":0,"5":0},"b":{"0":[0,0,0],"1":[0,0,0],"2":[0,0,0],"3":[0,0,0]},"_coverageSchema":"1a1c01bbd47fc00a2c39e90264f33305004495a9","hash":"9fe44dc7e31b9deb766d165124b5e76d549b6670"}
,"C:\\Users\\MS094311\\OneDrive - Cerner Corporation\\Desktop\\Patient Regn. System\\VS PRS\\prs-ui\\src\\cmp\\AllPatients.js": {"path":"C:\\Users\\MS094311\\OneDrive - Cerner Corporation\\Desktop\\Patient Regn. System\\VS PRS\\prs-ui\\src\\cmp\\AllPatients.js","statementMap":{"0":{"start":{"line":12,"column":20},"end":{"line":275,"column":1}},"1":{"start":{"line":14,"column":19},"end":{"line":14,"column":32}},"2":{"start":{"line":16,"column":36},"end":{"line":16,"column":48}},"3":{"start":{"line":17,"column":30},"end":{"line":17,"column":42}},"4":{"start":{"line":18,"column":38},"end":{"line":18,"column":53}},"5":{"start":{"line":19,"column":40},"end":{"line":19,"column":52}},"6":{"start":{"line":20,"column":24},"end":{"line":20,"column":35}},"7":{"start":{"line":21,"column":30},"end":{"line":21,"column":61}},"8":{"start":{"line":22,"column":36},"end":{"line":22,"column":47}},"9":{"start":{"line":24,"column":4},"end":{"line":27,"column":11}},"10":{"start":{"line":25,"column":12},"end":{"line":25,"column":69}},"11":{"start":{"line":26,"column":8},"end":{"line":26,"column":35}},"12":{"start":{"line":29,"column":4},"end":{"line":31,"column":15}},"13":{"start":{"line":30,"column":8},"end":{"line":30,"column":35}},"14":{"start":{"line":33,"column":4},"end":{"line":35,"column":20}},"15":{"start":{"line":37,"column":4},"end":{"line":39,"column":12}},"16":{"start":{"line":38,"column":8},"end":{"line":38,"column":29}},"17":{"start":{"line":41,"column":4},"end":{"line":43,"column":17}},"18":{"start":{"line":42,"column":8},"end":{"line":42,"column":32}},"19":{"start":{"line":45,"column":36},"end":{"line":54,"column":5}},"20":{"start":{"line":46,"column":8},"end":{"line":53,"column":9}},"21":{"start":{"line":48,"column":16},"end":{"line":48,"column":43}},"22":{"start":{"line":51,"column":16},"end":{"line":51,"column":46}},"23":{"start":{"line":58,"column":37},"end":{"line":68,"column":5}},"24":{"start":{"line":59,"column":8},"end":{"line":67,"column":9}},"25":{"start":{"line":61,"column":16},"end":{"line":61,"column":45}},"26":{"start":{"line":64,"column":16},"end":{"line":64,"column":44}},"27":{"start":{"line":70,"column":31},"end":{"line":79,"column":5}},"28":{"start":{"line":71,"column":8},"end":{"line":78,"column":9}},"29":{"start":{"line":73,"column":16},"end":{"line":73,"column":43}},"30":{"start":{"line":76,"column":16},"end":{"line":76,"column":45}},"31":{"start":{"line":81,"column":16},"end":{"line":81,"column":17}},"32":{"start":{"line":83,"column":28},"end":{"line":93,"column":5}},"33":{"start":{"line":84,"column":8},"end":{"line":84,"column":16}},"34":{"start":{"line":85,"column":8},"end":{"line":88,"column":9}},"35":{"start":{"line":86,"column":12},"end":{"line":86,"column":31}},"36":{"start":{"line":87,"column":12},"end":{"line":87,"column":37}},"37":{"start":{"line":90,"column":8},"end":{"line":92,"column":9}},"38":{"start":{"line":91,"column":12},"end":{"line":91,"column":32}},"39":{"start":{"line":95,"column":26},"end":{"line":124,"column":5}},"40":{"start":{"line":96,"column":8},"end":{"line":96,"column":43}},"41":{"start":{"line":97,"column":8},"end":{"line":109,"column":9}},"42":{"start":{"line":99,"column":16},"end":{"line":99,"column":57}},"43":{"start":{"line":107,"column":16},"end":{"line":107,"column":45}},"44":{"start":{"line":126,"column":4},"end":{"line":274,"column":6}},"45":{"start":{"line":159,"column":40},"end":{"line":205,"column":41}},"46":{"start":{"line":175,"column":68},"end":{"line":175,"column":281}},"47":{"start":{"line":184,"column":68},"end":{"line":184,"column":87}},"48":{"start":{"line":193,"column":68},"end":{"line":193,"column":288}},"49":{"start":{"line":210,"column":16},"end":{"line":262,"column":41}},"50":{"start":{"line":225,"column":40},"end":{"line":236,"column":42}},"51":{"start":{"line":245,"column":40},"end":{"line":245,"column":55}},"52":{"start":{"line":254,"column":40},"end":{"line":254,"column":228}}},"fnMap":{"0":{"name":"(anonymous_0)","decl":{"start":{"line":12,"column":20},"end":{"line":12,"column":21}},"loc":{"start":{"line":12,"column":26},"end":{"line":275,"column":1}},"line":12},"1":{"name":"(anonymous_1)","decl":{"start":{"line":24,"column":14},"end":{"line":24,"column":15}},"loc":{"start":{"line":24,"column":18},"end":{"line":27,"column":5}},"line":24},"2":{"name":"(anonymous_2)","decl":{"start":{"line":29,"column":14},"end":{"line":29,"column":15}},"loc":{"start":{"line":29,"column":20},"end":{"line":31,"column":5}},"line":29},"3":{"name":"(anonymous_3)","decl":{"start":{"line":33,"column":14},"end":{"line":33,"column":15}},"loc":{"start":{"line":33,"column":20},"end":{"line":35,"column":5}},"line":33},"4":{"name":"(anonymous_4)","decl":{"start":{"line":37,"column":14},"end":{"line":37,"column":15}},"loc":{"start":{"line":37,"column":20},"end":{"line":39,"column":5}},"line":37},"5":{"name":"(anonymous_5)","decl":{"start":{"line":41,"column":14},"end":{"line":41,"column":15}},"loc":{"start":{"line":41,"column":20},"end":{"line":43,"column":5}},"line":41},"6":{"name":"(anonymous_6)","decl":{"start":{"line":45,"column":36},"end":{"line":45,"column":37}},"loc":{"start":{"line":45,"column":40},"end":{"line":54,"column":5}},"line":45},"7":{"name":"(anonymous_7)","decl":{"start":{"line":47,"column":12},"end":{"line":47,"column":13}},"loc":{"start":{"line":47,"column":26},"end":{"line":49,"column":13}},"line":47},"8":{"name":"(anonymous_8)","decl":{"start":{"line":50,"column":12},"end":{"line":50,"column":13}},"loc":{"start":{"line":50,"column":21},"end":{"line":52,"column":13}},"line":50},"9":{"name":"(anonymous_9)","decl":{"start":{"line":58,"column":37},"end":{"line":58,"column":38}},"loc":{"start":{"line":58,"column":43},"end":{"line":68,"column":5}},"line":58},"10":{"name":"(anonymous_10)","decl":{"start":{"line":60,"column":12},"end":{"line":60,"column":13}},"loc":{"start":{"line":60,"column":26},"end":{"line":62,"column":13}},"line":60},"11":{"name":"(anonymous_11)","decl":{"start":{"line":63,"column":12},"end":{"line":63,"column":13}},"loc":{"start":{"line":63,"column":23},"end":{"line":65,"column":13}},"line":63},"12":{"name":"(anonymous_12)","decl":{"start":{"line":70,"column":31},"end":{"line":70,"column":32}},"loc":{"start":{"line":70,"column":37},"end":{"line":79,"column":5}},"line":70},"13":{"name":"(anonymous_13)","decl":{"start":{"line":72,"column":12},"end":{"line":72,"column":13}},"loc":{"start":{"line":72,"column":26},"end":{"line":74,"column":13}},"line":72},"14":{"name":"(anonymous_14)","decl":{"start":{"line":75,"column":12},"end":{"line":75,"column":13}},"loc":{"start":{"line":75,"column":23},"end":{"line":77,"column":13}},"line":75},"15":{"name":"(anonymous_15)","decl":{"start":{"line":83,"column":28},"end":{"line":83,"column":29}},"loc":{"start":{"line":83,"column":35},"end":{"line":93,"column":5}},"line":83},"16":{"name":"(anonymous_16)","decl":{"start":{"line":95,"column":26},"end":{"line":95,"column":27}},"loc":{"start":{"line":95,"column":40},"end":{"line":124,"column":5}},"line":95},"17":{"name":"(anonymous_17)","decl":{"start":{"line":98,"column":12},"end":{"line":98,"column":13}},"loc":{"start":{"line":98,"column":26},"end":{"line":105,"column":13}},"line":98},"18":{"name":"(anonymous_18)","decl":{"start":{"line":106,"column":12},"end":{"line":106,"column":13}},"loc":{"start":{"line":106,"column":23},"end":{"line":108,"column":13}},"line":106},"19":{"name":"(anonymous_19)","decl":{"start":{"line":158,"column":51},"end":{"line":158,"column":52}},"loc":{"start":{"line":158,"column":65},"end":{"line":207,"column":25}},"line":158},"20":{"name":"(anonymous_20)","decl":{"start":{"line":174,"column":73},"end":{"line":174,"column":74}},"loc":{"start":{"line":174,"column":79},"end":{"line":176,"column":65}},"line":174},"21":{"name":"(anonymous_21)","decl":{"start":{"line":183,"column":73},"end":{"line":183,"column":74}},"loc":{"start":{"line":183,"column":79},"end":{"line":185,"column":65}},"line":183},"22":{"name":"(anonymous_22)","decl":{"start":{"line":192,"column":73},"end":{"line":192,"column":74}},"loc":{"start":{"line":192,"column":79},"end":{"line":194,"column":65}},"line":192},"23":{"name":"(anonymous_23)","decl":{"start":{"line":209,"column":45},"end":{"line":209,"column":46}},"loc":{"start":{"line":210,"column":16},"end":{"line":262,"column":41}},"line":210},"24":{"name":"(anonymous_24)","decl":{"start":{"line":224,"column":45},"end":{"line":224,"column":46}},"loc":{"start":{"line":224,"column":51},"end":{"line":237,"column":37}},"line":224},"25":{"name":"(anonymous_25)","decl":{"start":{"line":244,"column":45},"end":{"line":244,"column":46}},"loc":{"start":{"line":244,"column":51},"end":{"line":246,"column":37}},"line":244},"26":{"name":"(anonymous_26)","decl":{"start":{"line":253,"column":45},"end":{"line":253,"column":46}},"loc":{"start":{"line":253,"column":51},"end":{"line":255,"column":37}},"line":253}},"branchMap":{"0":{"loc":{"start":{"line":85,"column":8},"end":{"line":88,"column":9}},"type":"if","locations":[{"start":{"line":85,"column":8},"end":{"line":88,"column":9}},{"start":{},"end":{}}],"line":85},"1":{"loc":{"start":{"line":90,"column":8},"end":{"line":92,"column":9}},"type":"if","locations":[{"start":{"line":90,"column":8},"end":{"line":92,"column":9}},{"start":{},"end":{}}],"line":90},"2":{"loc":{"start":{"line":157,"column":32},"end":{"line":264,"column":60}},"type":"cond-expr","locations":[{"start":{"line":158,"column":36},"end":{"line":207,"column":26}},{"start":{"line":209,"column":12},"end":{"line":264,"column":59}}],"line":157},"3":{"loc":{"start":{"line":209,"column":12},"end":{"line":264,"column":59}},"type":"cond-expr","locations":[{"start":{"line":209,"column":32},"end":{"line":264,"column":37}},{"start":{"line":264,"column":40},"end":{"line":264,"column":59}}],"line":209}},"s":{"0":2,"1":3,"2":0,"3":0,"4":0,"5":0,"6":0,"7":0,"8":0,"9":0,"10":0,"11":0,"12":0,"13":0,"14":0,"15":0,"16":0,"17":0,"18":0,"19":0,"20":0,"21":0,"22":0,"23":0,"24":0,"25":0,"26":0,"27":0,"28":0,"29":0,"30":0,"31":0,"32":0,"33":0,"34":0,"35":0,"36":0,"37":0,"38":0,"39":0,"40":0,"41":0,"42":0,"43":0,"44":0,"45":0,"46":0,"47":0,"48":0,"49":0,"50":0,"51":0,"52":0},"f":{"0":3,"1":0,"2":0,"3":0,"4":0,"5":0,"6":0,"7":0,"8":0,"9":0,"10":0,"11":0,"12":0,"13":0,"14":0,"15":0,"16":0,"17":0,"18":0,"19":0,"20":0,"21":0,"22":0,"23":0,"24":0,"25":0,"26":0},"b":{"0":[0,0],"1":[0,0],"2":[0,0],"3":[0,0]},"_coverageSchema":"1a1c01bbd47fc00a2c39e90264f33305004495a9","hash":"3d7d8e79270944480fd027b23df9567eef004972"}
,"C:\\Users\\MS094311\\OneDrive - Cerner Corporation\\Desktop\\Patient Regn. System\\VS PRS\\prs-ui\\src\\cmp\\Header.js": {"path":"C:\\Users\\MS094311\\OneDrive - Cerner Corporation\\Desktop\\Patient Regn. System\\VS PRS\\prs-ui\\src\\cmp\\Header.js","statementMap":{"0":{"start":{"line":3,"column":15},"end":{"line":9,"column":1}},"1":{"start":{"line":4,"column":4},"end":{"line":8,"column":6}}},"fnMap":{"0":{"name":"(anonymous_0)","decl":{"start":{"line":3,"column":15},"end":{"line":3,"column":16}},"loc":{"start":{"line":3,"column":21},"end":{"line":9,"column":1}},"line":3}},"branchMap":{},"s":{"0":2,"1":2},"f":{"0":2},"b":{},"_coverageSchema":"1a1c01bbd47fc00a2c39e90264f33305004495a9","hash":"ad4d0925ade344abb8a7bb662d35ee10c2017aba"}
,"C:\\Users\\MS094311\\OneDrive - Cerner Corporation\\Desktop\\Patient Regn. System\\VS PRS\\prs-ui\\src\\cmp\\Home.js": {"path":"C:\\Users\\MS094311\\OneDrive - Cerner Corporation\\Desktop\\Patient Regn. System\\VS PRS\\prs-ui\\src\\cmp\\Home.js","statementMap":{"0":{"start":{"line":17,"column":12},"end":{"line":47,"column":1}},"1":{"start":{"line":18,"column":8},"end":{"line":20,"column":14}},"2":{"start":{"line":19,"column":12},"end":{"line":19,"column":65}},"3":{"start":{"line":21,"column":4},"end":{"line":46,"column":6}}},"fnMap":{"0":{"name":"(anonymous_0)","decl":{"start":{"line":17,"column":12},"end":{"line":17,"column":13}},"loc":{"start":{"line":17,"column":16},"end":{"line":47,"column":1}},"line":17},"1":{"name":"(anonymous_1)","decl":{"start":{"line":18,"column":18},"end":{"line":18,"column":19}},"loc":{"start":{"line":18,"column":22},"end":{"line":20,"column":9}},"line":18}},"branchMap":{},"s":{"0":1,"1":2,"2":1,"3":1},"f":{"0":2,"1":1},"b":{},"_coverageSchema":"1a1c01bbd47fc00a2c39e90264f33305004495a9","hash":"4b6c61de1ce09a736d9f497e337e76f7f3c1d861"}
,"C:\\Users\\MS094311\\OneDrive - Cerner Corporation\\Desktop\\Patient Regn. System\\VS PRS\\prs-ui\\src\\cmp\\Menus.js": {"path":"C:\\Users\\MS094311\\OneDrive - Cerner Corporation\\Desktop\\Patient Regn. System\\VS PRS\\prs-ui\\src\\cmp\\Menus.js","statementMap":{"0":{"start":{"line":5,"column":14},"end":{"line":17,"column":1}},"1":{"start":{"line":6,"column":4},"end":{"line":16,"column":6}}},"fnMap":{"0":{"name":"(anonymous_0)","decl":{"start":{"line":5,"column":14},"end":{"line":5,"column":15}},"loc":{"start":{"line":5,"column":20},"end":{"line":17,"column":1}},"line":5}},"branchMap":{},"s":{"0":1,"1":2},"f":{"0":2},"b":{},"_coverageSchema":"1a1c01bbd47fc00a2c39e90264f33305004495a9","hash":"e5d0c0569c505cf269670c183162796d2a47417f"}
,"C:\\Users\\MS094311\\OneDrive - Cerner Corporation\\Desktop\\Patient Regn. System\\VS PRS\\prs-ui\\src\\cmp\\UpdatePatients.js": {"path":"C:\\Users\\MS094311\\OneDrive - Cerner Corporation\\Desktop\\Patient Regn. System\\VS PRS\\prs-ui\\src\\cmp\\UpdatePatients.js","statementMap":{"0":{"start":{"line":9,"column":23},"end":{"line":207,"column":1}},"1":{"start":{"line":10,"column":21},"end":{"line":10,"column":34}},"2":{"start":{"line":12,"column":4},"end":{"line":204,"column":6}},"3":{"start":{"line":29,"column":20},"end":{"line":37,"column":21}},"4":{"start":{"line":31,"column":28},"end":{"line":31,"column":57}},"5":{"start":{"line":35,"column":28},"end":{"line":35,"column":53}},"6":{"start":{"line":38,"column":20},"end":{"line":40,"column":28}},"7":{"start":{"line":39,"column":24},"end":{"line":39,"column":45}},"8":{"start":{"line":64,"column":24},"end":{"line":64,"column":29}},"9":{"start":{"line":67,"column":20},"end":{"line":200,"column":22}}},"fnMap":{"0":{"name":"(anonymous_0)","decl":{"start":{"line":9,"column":23},"end":{"line":9,"column":24}},"loc":{"start":{"line":9,"column":29},"end":{"line":207,"column":1}},"line":9},"1":{"name":"(anonymous_1)","decl":{"start":{"line":27,"column":26},"end":{"line":27,"column":27}},"loc":{"start":{"line":27,"column":57},"end":{"line":41,"column":17}},"line":27},"2":{"name":"(anonymous_2)","decl":{"start":{"line":30,"column":24},"end":{"line":30,"column":25}},"loc":{"start":{"line":30,"column":38},"end":{"line":33,"column":25}},"line":30},"3":{"name":"(anonymous_3)","decl":{"start":{"line":34,"column":24},"end":{"line":34,"column":25}},"loc":{"start":{"line":34,"column":35},"end":{"line":36,"column":25}},"line":34},"4":{"name":"(anonymous_4)","decl":{"start":{"line":38,"column":31},"end":{"line":38,"column":32}},"loc":{"start":{"line":38,"column":37},"end":{"line":40,"column":21}},"line":38},"5":{"name":"(anonymous_5)","decl":{"start":{"line":55,"column":17},"end":{"line":55,"column":18}},"loc":{"start":{"line":55,"column":26},"end":{"line":201,"column":17}},"line":55}},"branchMap":{"0":{"loc":{"start":{"line":91,"column":51},"end":{"line":91,"column":99}},"type":"binary-expr","locations":[{"start":{"line":91,"column":51},"end":{"line":91,"column":67}},{"start":{"line":91,"column":71},"end":{"line":91,"column":88}},{"start":{"line":91,"column":92},"end":{"line":91,"column":99}}],"line":91},"1":{"loc":{"start":{"line":93,"column":37},"end":{"line":95,"column":37}},"type":"binary-expr","locations":[{"start":{"line":93,"column":37},"end":{"line":93,"column":53}},{"start":{"line":93,"column":57},"end":{"line":93,"column":74}},{"start":{"line":94,"column":40},"end":{"line":94,"column":96}}],"line":93},"2":{"loc":{"start":{"line":106,"column":51},"end":{"line":106,"column":97}},"type":"binary-expr","locations":[{"start":{"line":106,"column":51},"end":{"line":106,"column":66}},{"start":{"line":106,"column":70},"end":{"line":106,"column":86}},{"start":{"line":106,"column":90},"end":{"line":106,"column":97}}],"line":106},"3":{"loc":{"start":{"line":108,"column":37},"end":{"line":110,"column":37}},"type":"binary-expr","locations":[{"start":{"line":108,"column":37},"end":{"line":108,"column":52}},{"start":{"line":108,"column":56},"end":{"line":108,"column":72}},{"start":{"line":109,"column":40},"end":{"line":109,"column":95}}],"line":108},"4":{"loc":{"start":{"line":121,"column":51},"end":{"line":121,"column":87}},"type":"binary-expr","locations":[{"start":{"line":121,"column":51},"end":{"line":121,"column":61}},{"start":{"line":121,"column":65},"end":{"line":121,"column":76}},{"start":{"line":121,"column":80},"end":{"line":121,"column":87}}],"line":121},"5":{"loc":{"start":{"line":123,"column":37},"end":{"line":125,"column":37}},"type":"binary-expr","locations":[{"start":{"line":123,"column":37},"end":{"line":123,"column":47}},{"start":{"line":123,"column":51},"end":{"line":123,"column":62}},{"start":{"line":124,"column":40},"end":{"line":124,"column":90}}],"line":123},"6":{"loc":{"start":{"line":136,"column":51},"end":{"line":136,"column":93}},"type":"binary-expr","locations":[{"start":{"line":136,"column":51},"end":{"line":136,"column":64}},{"start":{"line":136,"column":68},"end":{"line":136,"column":82}},{"start":{"line":136,"column":86},"end":{"line":136,"column":93}}],"line":136},"7":{"loc":{"start":{"line":142,"column":33},"end":{"line":144,"column":33}},"type":"binary-expr","locations":[{"start":{"line":142,"column":33},"end":{"line":142,"column":46}},{"start":{"line":142,"column":50},"end":{"line":142,"column":64}},{"start":{"line":143,"column":36},"end":{"line":143,"column":89}}],"line":142},"8":{"loc":{"start":{"line":155,"column":51},"end":{"line":155,"column":87}},"type":"binary-expr","locations":[{"start":{"line":155,"column":51},"end":{"line":155,"column":61}},{"start":{"line":155,"column":65},"end":{"line":155,"column":76}},{"start":{"line":155,"column":80},"end":{"line":155,"column":87}}],"line":155},"9":{"loc":{"start":{"line":157,"column":37},"end":{"line":159,"column":37}},"type":"binary-expr","locations":[{"start":{"line":157,"column":37},"end":{"line":157,"column":47}},{"start":{"line":157,"column":51},"end":{"line":157,"column":62}},{"start":{"line":158,"column":40},"end":{"line":158,"column":90}}],"line":157},"10":{"loc":{"start":{"line":170,"column":51},"end":{"line":170,"column":95}},"type":"binary-expr","locations":[{"start":{"line":170,"column":51},"end":{"line":170,"column":65}},{"start":{"line":170,"column":69},"end":{"line":170,"column":84}},{"start":{"line":170,"column":88},"end":{"line":170,"column":95}}],"line":170},"11":{"loc":{"start":{"line":172,"column":37},"end":{"line":174,"column":37}},"type":"binary-expr","locations":[{"start":{"line":172,"column":37},"end":{"line":172,"column":51}},{"start":{"line":172,"column":55},"end":{"line":172,"column":70}},{"start":{"line":173,"column":40},"end":{"line":173,"column":94}}],"line":172},"12":{"loc":{"start":{"line":185,"column":51},"end":{"line":185,"column":95}},"type":"binary-expr","locations":[{"start":{"line":185,"column":51},"end":{"line":185,"column":65}},{"start":{"line":185,"column":69},"end":{"line":185,"column":84}},{"start":{"line":185,"column":88},"end":{"line":185,"column":95}}],"line":185},"13":{"loc":{"start":{"line":187,"column":37},"end":{"line":189,"column":37}},"type":"binary-expr","locations":[{"start":{"line":187,"column":37},"end":{"line":187,"column":51}},{"start":{"line":187,"column":55},"end":{"line":187,"column":70}},{"start":{"line":188,"column":40},"end":{"line":188,"column":94}}],"line":187}},"s":{"0":2,"1":3,"2":0,"3":0,"4":0,"5":0,"6":0,"7":0,"8":0,"9":0},"f":{"0":3,"1":0,"2":0,"3":0,"4":0,"5":0},"b":{"0":[0,0,0],"1":[0,0,0],"2":[0,0,0],"3":[0,0,0],"4":[0,0,0],"5":[0,0,0],"6":[0,0,0],"7":[0,0,0],"8":[0,0,0],"9":[0,0,0],"10":[0,0,0],"11":[0,0,0],"12":[0,0,0],"13":[0,0,0]},"_coverageSchema":"1a1c01bbd47fc00a2c39e90264f33305004495a9","hash":"720bd177692dfc5b342a42fa325d47092109da71"}
}
