TN:
SF:src\ErrorBoundary.js
FN:4,(anonymous_0)
FN:9,(anonymous_1)
FN:14,(anonymous_2)
FNF:3
FNH:2
FNDA:5,(anonymous_0)
FNDA:0,(anonymous_1)
FNDA:3,(anonymous_2)
DA:5,5
DA:6,3
DA:11,0
DA:16,3
DA:17,0
DA:24,3
LF:6
LH:4
BRDA:16,0,0,0
BRDA:16,0,1,3
BRF:2
BRH:1
end_of_record
TN:
SF:src\Registration.js
FN:8,(anonymous_0)
FN:21,(anonymous_1)
FN:24,(anonymous_2)
FN:27,(anonymous_3)
FN:31,(anonymous_4)
FN:48,(anonymous_5)
FNF:6
FNH:2
FNDA:1,(anonymous_0)
FNDA:0,(anonymous_1)
FNDA:0,(anonymous_2)
FNDA:0,(anonymous_3)
FNDA:0,(anonymous_4)
FNDA:1,(anonymous_5)
DA:8,2
DA:10,1
DA:23,0
DA:25,0
DA:28,0
DA:31,0
DA:32,0
DA:57,1
DA:60,1
LF:9
LH:4
BRDA:77,0,0,1
BRDA:77,0,1,0
BRDA:77,0,2,0
BRDA:79,1,0,1
BRDA:79,1,1,0
BRDA:79,1,2,0
BRDA:92,2,0,1
BRDA:92,2,1,0
BRDA:92,2,2,0
BRDA:94,3,0,1
BRDA:94,3,1,0
BRDA:94,3,2,0
BRDA:107,4,0,1
BRDA:107,4,1,0
BRDA:107,4,2,0
BRDA:109,5,0,1
BRDA:109,5,1,0
BRDA:109,5,2,0
BRDA:122,6,0,1
BRDA:122,6,1,0
BRDA:122,6,2,0
BRDA:130,7,0,1
BRDA:130,7,1,0
BRDA:130,7,2,0
BRDA:143,8,0,1
BRDA:143,8,1,0
BRDA:143,8,2,0
BRDA:145,9,0,1
BRDA:145,9,1,0
BRDA:145,9,2,0
BRDA:158,10,0,1
BRDA:158,10,1,0
BRDA:158,10,2,0
BRDA:160,11,0,1
BRDA:160,11,1,0
BRDA:160,11,2,0
BRDA:173,12,0,1
BRDA:173,12,1,0
BRDA:173,12,2,0
BRDA:175,13,0,1
BRDA:175,13,1,0
BRDA:175,13,2,0
BRF:42
BRH:14
end_of_record
TN:
SF:src\ValidatedLoginForm.js
FN:14,(anonymous_0)
FN:21,(anonymous_1)
FN:29,(anonymous_2)
FN:46,(anonymous_3)
FNF:4
FNH:2
FNDA:1,(anonymous_0)
FNDA:0,(anonymous_1)
FNDA:0,(anonymous_2)
FNDA:1,(anonymous_3)
DA:14,1
DA:15,1
DA:22,0
DA:23,0
DA:26,0
DA:28,0
DA:29,0
DA:31,0
DA:55,1
DA:63,1
LF:10
LH:4
BRDA:22,0,0,0
BRDA:22,0,1,0
BRDA:22,1,0,0
BRDA:22,1,1,0
BRDA:75,2,0,1
BRDA:75,2,1,0
BRDA:75,2,2,0
BRDA:77,3,0,1
BRDA:77,3,1,0
BRDA:77,3,2,0
BRDA:88,4,0,1
BRDA:88,4,1,0
BRDA:88,4,2,0
BRDA:90,5,0,1
BRDA:90,5,1,0
BRDA:90,5,2,0
BRF:16
BRH:4
end_of_record
TN:
SF:src\index.js
FN:10,App
FNF:1
FNH:0
FNDA:0,App
DA:11,0
DA:22,0
DA:23,0
LF:3
LH:0
BRF:0
BRH:0
end_of_record
TN:
SF:src\api\BootApi.js
FNF:0
FNH:0
DA:1,5
LF:1
LH:1
BRF:0
BRH:0
end_of_record
TN:
SF:src\api\BootApiAdm.js
FNF:0
FNH:0
DA:1,4
LF:1
LH:1
BRF:0
BRH:0
end_of_record
TN:
SF:src\cmp\AddRoom.js
FN:9,(anonymous_0)
FN:28,(anonymous_1)
FN:31,(anonymous_2)
FN:34,(anonymous_3)
FN:38,(anonymous_4)
FN:49,(anonymous_5)
FNF:6
FNH:1
FNDA:3,(anonymous_0)
FNDA:0,(anonymous_1)
FNDA:0,(anonymous_2)
FNDA:0,(anonymous_3)
FNDA:0,(anonymous_4)
FNDA:0,(anonymous_5)
DA:9,2
DA:10,3
DA:11,0
DA:29,0
DA:30,0
DA:32,0
DA:35,0
DA:38,0
DA:39,0
DA:58,0
DA:61,0
LF:11
LH:2
BRDA:75,0,0,0
BRDA:75,0,1,0
BRDA:75,0,2,0
BRDA:77,1,0,0
BRDA:77,1,1,0
BRDA:77,1,2,0
BRDA:90,2,0,0
BRDA:90,2,1,0
BRDA:90,2,2,0
BRDA:92,3,0,0
BRDA:92,3,1,0
BRDA:92,3,2,0
BRF:12
BRH:0
end_of_record
TN:
SF:src\cmp\AllPatients.js
FN:12,(anonymous_0)
FN:24,(anonymous_1)
FN:29,(anonymous_2)
FN:33,(anonymous_3)
FN:37,(anonymous_4)
FN:41,(anonymous_5)
FN:45,(anonymous_6)
FN:47,(anonymous_7)
FN:50,(anonymous_8)
FN:58,(anonymous_9)
FN:60,(anonymous_10)
FN:63,(anonymous_11)
FN:70,(anonymous_12)
FN:72,(anonymous_13)
FN:75,(anonymous_14)
FN:83,(anonymous_15)
FN:95,(anonymous_16)
FN:98,(anonymous_17)
FN:106,(anonymous_18)
FN:158,(anonymous_19)
FN:174,(anonymous_20)
FN:183,(anonymous_21)
FN:192,(anonymous_22)
FN:209,(anonymous_23)
FN:224,(anonymous_24)
FN:244,(anonymous_25)
FN:253,(anonymous_26)
FNF:27
FNH:1
FNDA:3,(anonymous_0)
FNDA:0,(anonymous_1)
FNDA:0,(anonymous_2)
FNDA:0,(anonymous_3)
FNDA:0,(anonymous_4)
FNDA:0,(anonymous_5)
FNDA:0,(anonymous_6)
FNDA:0,(anonymous_7)
FNDA:0,(anonymous_8)
FNDA:0,(anonymous_9)
FNDA:0,(anonymous_10)
FNDA:0,(anonymous_11)
FNDA:0,(anonymous_12)
FNDA:0,(anonymous_13)
FNDA:0,(anonymous_14)
FNDA:0,(anonymous_15)
FNDA:0,(anonymous_16)
FNDA:0,(anonymous_17)
FNDA:0,(anonymous_18)
FNDA:0,(anonymous_19)
FNDA:0,(anonymous_20)
FNDA:0,(anonymous_21)
FNDA:0,(anonymous_22)
FNDA:0,(anonymous_23)
FNDA:0,(anonymous_24)
FNDA:0,(anonymous_25)
FNDA:0,(anonymous_26)
DA:12,2
DA:14,3
DA:16,0
DA:17,0
DA:18,0
DA:19,0
DA:20,0
DA:21,0
DA:22,0
DA:24,0
DA:25,0
DA:26,0
DA:29,0
DA:30,0
DA:33,0
DA:37,0
DA:38,0
DA:41,0
DA:42,0
DA:45,0
DA:46,0
DA:48,0
DA:51,0
DA:58,0
DA:59,0
DA:61,0
DA:64,0
DA:70,0
DA:71,0
DA:73,0
DA:76,0
DA:81,0
DA:83,0
DA:84,0
DA:85,0
DA:86,0
DA:87,0
DA:90,0
DA:91,0
DA:95,0
DA:96,0
DA:97,0
DA:99,0
DA:107,0
DA:126,0
DA:159,0
DA:175,0
DA:184,0
DA:193,0
DA:210,0
DA:225,0
DA:245,0
DA:254,0
LF:53
LH:2
BRDA:85,0,0,0
BRDA:85,0,1,0
BRDA:90,1,0,0
BRDA:90,1,1,0
BRDA:157,2,0,0
BRDA:157,2,1,0
BRDA:209,3,0,0
BRDA:209,3,1,0
BRF:8
BRH:0
end_of_record
TN:
SF:src\cmp\Header.js
FN:3,(anonymous_0)
FNF:1
FNH:1
FNDA:2,(anonymous_0)
DA:3,2
DA:4,2
LF:2
LH:2
BRF:0
BRH:0
end_of_record
TN:
SF:src\cmp\Home.js
FN:17,(anonymous_0)
FN:18,(anonymous_1)
FNF:2
FNH:2
FNDA:2,(anonymous_0)
FNDA:1,(anonymous_1)
DA:17,1
DA:18,2
DA:19,1
DA:21,1
LF:4
LH:4
BRF:0
BRH:0
end_of_record
TN:
SF:src\cmp\Menus.js
FN:5,(anonymous_0)
FNF:1
FNH:1
FNDA:2,(anonymous_0)
DA:5,1
DA:6,2
LF:2
LH:2
BRF:0
BRH:0
end_of_record
TN:
SF:src\cmp\UpdatePatients.js
FN:9,(anonymous_0)
FN:27,(anonymous_1)
FN:30,(anonymous_2)
FN:34,(anonymous_3)
FN:38,(anonymous_4)
FN:55,(anonymous_5)
FNF:6
FNH:1
FNDA:3,(anonymous_0)
FNDA:0,(anonymous_1)
FNDA:0,(anonymous_2)
FNDA:0,(anonymous_3)
FNDA:0,(anonymous_4)
FNDA:0,(anonymous_5)
DA:9,2
DA:10,3
DA:12,0
DA:29,0
DA:31,0
DA:35,0
DA:38,0
DA:39,0
DA:64,0
DA:67,0
LF:10
LH:2
BRDA:91,0,0,0
BRDA:91,0,1,0
BRDA:91,0,2,0
BRDA:93,1,0,0
BRDA:93,1,1,0
BRDA:93,1,2,0
BRDA:106,2,0,0
BRDA:106,2,1,0
BRDA:106,2,2,0
BRDA:108,3,0,0
BRDA:108,3,1,0
BRDA:108,3,2,0
BRDA:121,4,0,0
BRDA:121,4,1,0
BRDA:121,4,2,0
BRDA:123,5,0,0
BRDA:123,5,1,0
BRDA:123,5,2,0
BRDA:136,6,0,0
BRDA:136,6,1,0
BRDA:136,6,2,0
BRDA:142,7,0,0
BRDA:142,7,1,0
BRDA:142,7,2,0
BRDA:155,8,0,0
BRDA:155,8,1,0
BRDA:155,8,2,0
BRDA:157,9,0,0
BRDA:157,9,1,0
BRDA:157,9,2,0
BRDA:170,10,0,0
BRDA:170,10,1,0
BRDA:170,10,2,0
BRDA:172,11,0,0
BRDA:172,11,1,0
BRDA:172,11,2,0
BRDA:185,12,0,0
BRDA:185,12,1,0
BRDA:185,12,2,0
BRDA:187,13,0,0
BRDA:187,13,1,0
BRDA:187,13,2,0
BRF:42
BRH:0
end_of_record
